<?xml version="1.0" encoding="UTF-8"?>
<!-- Generated by org.testng.reporters.JUnitXMLReporter -->
<testsuite hostname="Hybrid" name="Nopackage" tests="4" failures="0" timestamp="10 Oct 2017 10:09:20 GMT" time="112.418" errors="0">
  <testcase name="Sum" time="10.004" classname="test.java.OneTest"/>
  <testcase name="Sum1" time="10.001" classname="test.java.OneTest"/>
  <testcase name="Sum" time="10.027" classname="test.java.TWOTest"/>
  <testcase name="Sum1" time="10.002" classname="test.java.TWOTest"/>
</testsuite> <!-- Nopackage -->
