<?xml version="1.0" encoding="UTF-8"?>
<testng-results skipped="0" failed="0" total="4" passed="4">
  <reporter-output>
  </reporter-output>
  <suite name="Suite1" duration-ms="112418" started-at="2017-10-10T10:07:27Z" finished-at="2017-10-10T10:09:20Z">
    <groups>
      <group name="sanity">
        <method signature="OneTest.Sum()[pri:0, instance:test.java.OneTest@181a1bc]" name="Sum" class="test.java.OneTest"/>
        <method signature="TWOTest.Sum()[pri:0, instance:test.java.TWOTest@616ca2]" name="Sum" class="test.java.TWOTest"/>
      </group> <!-- sanity -->
    </groups>
    <test name="Nopackage" duration-ms="112418" started-at="2017-10-10T10:07:27Z" finished-at="2017-10-10T10:09:20Z">
      <class name="test.java.OneTest">
        <test-method status="PASS" signature="setUp()[pri:0, instance:test.java.OneTest@181a1bc]" name="setUp" is-config="true" duration-ms="69894" started-at="2017-10-10T15:37:27Z" finished-at="2017-10-10T15:38:37Z">
          <reporter-output>
          </reporter-output>
        </test-method> <!-- setUp -->
        <test-method status="PASS" signature="Sum()[pri:0, instance:test.java.OneTest@181a1bc]" name="Sum" duration-ms="10004" started-at="2017-10-10T15:38:37Z" finished-at="2017-10-10T15:38:47Z">
          <reporter-output>
          </reporter-output>
        </test-method> <!-- Sum -->
        <test-method status="PASS" signature="Sum1()[pri:0, instance:test.java.OneTest@181a1bc]" name="Sum1" duration-ms="10001" started-at="2017-10-10T15:38:47Z" finished-at="2017-10-10T15:38:57Z">
          <reporter-output>
          </reporter-output>
        </test-method> <!-- Sum1 -->
        <test-method status="PASS" signature="End()[pri:0, instance:test.java.OneTest@181a1bc]" name="End" is-config="true" duration-ms="2462" started-at="2017-10-10T15:39:17Z" finished-at="2017-10-10T15:39:20Z">
          <reporter-output>
          </reporter-output>
        </test-method> <!-- End -->
      </class> <!-- test.java.OneTest -->
      <class name="test.java.TWOTest">
        <test-method status="PASS" signature="Sum()[pri:0, instance:test.java.TWOTest@616ca2]" name="Sum" duration-ms="10027" started-at="2017-10-10T15:38:57Z" finished-at="2017-10-10T15:39:07Z">
          <reporter-output>
          </reporter-output>
        </test-method> <!-- Sum -->
        <test-method status="PASS" signature="Sum1()[pri:0, instance:test.java.TWOTest@616ca2]" name="Sum1" duration-ms="10002" started-at="2017-10-10T15:39:07Z" finished-at="2017-10-10T15:39:17Z">
          <reporter-output>
          </reporter-output>
        </test-method> <!-- Sum1 -->
      </class> <!-- test.java.TWOTest -->
    </test> <!-- Nopackage -->
  </suite> <!-- Suite1 -->
</testng-results>
